#
# A fatal error has been detected by the Java Runtime Environment:
#
#  SIGSEGV (0xb) at pc=0x00007f5279d0943e, pid=23715, tid=139991795025664
#
# JRE version: Java(TM) SE Runtime Environment (8.0_45-b14) (build 1.8.0_45-b14)
# Java VM: Java HotSpot(TM) 64-Bit Server VM (25.45-b02 mixed mode linux-amd64 compressed oops)
# Problematic frame:
# V  [libjvm.so+0x89943e]  Method::checked_resolve_jmethod_id(_jmethodID*)+0x2e
#
# Failed to write core dump. Core dumps have been disabled. To enable core dumping, try "ulimit -c unlimited" before starting Java again
#
# If you would like to submit a bug report, please visit:
#   http://bugreport.java.com/bugreport/crash.jsp
#

---------------  T H R E A D  ---------------

Current thread (0x00007f52740c6800):  JavaThread "JDWP Transport Listener: dt_socket" daemon [_thread_in_vm, id=23733, stack(0x00007f526126c000,0x00007f526136d000)]

siginfo: si_signo: 11 (SIGSEGV), si_code: 128 (SI_KERNEL), si_addr: 0x0000000000000000

Registers:
RAX=0x0000000000000001, RBX=0x05687000007f5263, RCX=0x00007f527ae30320, RDX=0x00007f527a40dca0
RSP=0x00007f526136b890, RBP=0x00007f526136b8a0, RSI=0x00007f52740c6800, RDI=0x00007f5238006563
R8 =0x0000000000000000, R9 =0x00007f5238008ac0, R10=0x0000000000000070, R11=0x00007f527a5bfc70
R12=0x0000000000000017, R13=0x00007f5238006563, R14=0x00007f52740c6800, R15=0x00007f526136b9a7
RIP=0x00007f5279d0943e, EFLAGS=0x0000000000010212, CSGSFS=0x0000000000000033, ERR=0x0000000000000000
  TRAPNO=0x000000000000000d

Top of Stack: (sp=0x00007f526136b890)
0x00007f526136b890:   0000000000000074 00007f5274004f20
0x00007f526136b8a0:   00007f526136b910 00007f5279b9af9e
0x00007f526136b8b0:   0000000000000073 00007f526136b8c0
0x00007f526136b8c0:   00007f52740c6800 0000000000000000
0x00007f526136b8d0:   00007f5200000000 0000000000000000
0x00007f526136b8e0:   00007f526136b900 00007f5278b26e40
0x00007f526136b8f0:   00007f5238006563 00007f526136b9a7
0x00007f526136b900:   0000000000000003 00007f526136b9a7
0x00007f526136b910:   00007f526136b940 00007f52789128c2
0x00007f526136b920:   00007f526136b940 00007f5238006563
0x00007f526136b930:   00007f526136ba10 0000000000000018
0x00007f526136b940:   00007f526136b9d0 00007f52788f3aa0
0x00007f526136b950:   00007f526136b988 00007f526136b980
0x00007f526136b960:   00007f526136b978 00007f526136b99c
0x00007f526136b970:   00000001380077b0 0000000000000000
0x00007f526136b980:   0000000000000000 0000000000000000
0x00007f526136b990:   00007f5238011b00 000000016136ba10
0x00007f526136b9a0:   0000000000000004 0000000000000002
0x00007f526136b9b0:   000000000000000f 0000000000000002
0x00007f526136b9c0:   00000000000f0200 000000000000000f
0x00007f526136b9d0:   00007f526136bc20 00007f52788fe9c6
0x00007f526136b9e0:   000001e700000013 00007f52790f0200
0x00007f526136b9f0:   00007f5230000fb0 00007f5279d79eca
0x00007f526136ba00:   00007f526136ba10 00007f526136bba0
0x00007f526136ba10:   00007f5238009040 00007f5200000248
0x00007f526136ba20:   00007f52380080e0 00007f520000012c
0x00007f526136ba30:   00007f526136ba60 00007f52380080e0
0x00007f526136ba40:   0000000000000000 000001e700000072
0x00007f526136ba50:   00007f5200006880 00007f526136ba60
0x00007f526136ba60:   527f000004000000 0400000070980f74
0x00007f526136ba70:   160000006e69616d 2f6176616a4c5b28
0x00007f526136ba80:   7274532f676e616c 000056293b676e69 

Instructions: (pc=0x00007f5279d0943e)
0x00007f5279d0941e:   31 db 48 89 d8 48 83 c4 08 5b c9 c3 66 0f 1f 44
0x00007f5279d0942e:   00 00 48 8b 1f 48 85 db 74 e6 48 83 fb 37 74 e0
0x00007f5279d0943e:   48 8b 03 48 89 df ff 50 10 84 c0 0f 1f 80 00 00
0x00007f5279d0944e:   00 00 75 ce 66 0f 1f 44 00 00 eb c4 66 0f 1f 44 

Register to memory mapping:

RAX=0x0000000000000001 is an unknown value
RBX=0x05687000007f5263 is an unknown value
RCX=0x00007f527ae30320: <offset 0x219320> in /lib/x86_64-linux-gnu/libpthread.so.0 at 0x00007f527ac17000
RDX=0x00007f527a40dca0: <offset 0xf9dca0> in /usr/lib/jvm/java-8-oracle/jre/lib/amd64/server/libjvm.so at 0x00007f5279470000
RSP=0x00007f526136b890 is pointing into the stack for thread: 0x00007f52740c6800
RBP=0x00007f526136b8a0 is pointing into the stack for thread: 0x00007f52740c6800
RSI=0x00007f52740c6800 is a thread
RDI=0x00007f5238006563 is an unknown value
R8 =0x0000000000000000 is an unknown value
R9 =0x00007f5238008ac0 is an unknown value
R10=0x0000000000000070 is an unknown value
R11=0x00007f527a5bfc70: <offset 0x187c70> in /lib/x86_64-linux-gnu/libc.so.6 at 0x00007f527a438000
R12=0x0000000000000017 is an unknown value
R13=0x00007f5238006563 is an unknown value
R14=0x00007f52740c6800 is a thread
R15=0x00007f526136b9a7 is pointing into the stack for thread: 0x00007f52740c6800


Stack: [0x00007f526126c000,0x00007f526136d000],  sp=0x00007f526136b890,  free space=1022k
Native frames: (J=compiled Java code, j=interpreted, Vv=VM code, C=native code)
V  [libjvm.so+0x89943e]  Method::checked_resolve_jmethod_id(_jmethodID*)+0x2e
V  [libjvm.so+0x72af9e]  jvmti_IsMethodSynthetic+0x2be
C  [libjdwp.so+0x258c2]  isMethodSynthetic+0x42
C  [libjdwp.so+0x6aa0]  methods1+0x1b0
C  [libjdwp.so+0x119c6]  debugLoop_run+0x2b6
C  [libjdwp.so+0x247ff]  attachThread+0x2f
V  [libjvm.so+0x797102]  JvmtiAgentThread::call_start_function()+0xc2
V  [libjvm.so+0xa5c86f]  JavaThread::thread_main_inner()+0xdf
V  [libjvm.so+0xa5c99c]  JavaThread::run()+0x11c
V  [libjvm.so+0x910de8]  java_start(Thread*)+0x108
C  [libpthread.so.0+0x8182]  start_thread+0xc2


---------------  P R O C E S S  ---------------

Java Threads: ( => current thread )
  0x00007f52740d6800 JavaThread "Service Thread" daemon [_thread_blocked, id=23742, stack(0x00007f5260c66000,0x00007f5260d67000)]
  0x00007f52740d1000 JavaThread "C1 CompilerThread2" daemon [_thread_blocked, id=23741, stack(0x00007f5260d67000,0x00007f5260e68000)]
  0x00007f52740cf800 JavaThread "C2 CompilerThread1" daemon [_thread_blocked, id=23740, stack(0x00007f5260e68000,0x00007f5260f69000)]
  0x00007f52740cc800 JavaThread "C2 CompilerThread0" daemon [_thread_blocked, id=23739, stack(0x00007f5260f69000,0x00007f526106a000)]
  0x00007f5238001000 JavaThread "JDWP Command Reader" daemon [_thread_in_native, id=23735, stack(0x00007f526106a000,0x00007f526116b000)]
  0x00007f52740ca000 JavaThread "JDWP Event Helper Thread" daemon [_thread_blocked, id=23734, stack(0x00007f526116b000,0x00007f526126c000)]
=>0x00007f52740c6800 JavaThread "JDWP Transport Listener: dt_socket" daemon [_thread_in_vm, id=23733, stack(0x00007f526126c000,0x00007f526136d000)]
  0x00007f52740b9800 JavaThread "Signal Dispatcher" daemon [_thread_blocked, id=23731, stack(0x00007f5261571000,0x00007f5261672000)]
  0x00007f5274082800 JavaThread "Finalizer" daemon [_thread_blocked, id=23728, stack(0x00007f5261672000,0x00007f5261773000)]
  0x00007f5274080800 JavaThread "Reference Handler" daemon [_thread_blocked, id=23727, stack(0x00007f5261773000,0x00007f5261874000)]
  0x00007f527400d800 JavaThread "main" [_thread_blocked, id=23718, stack(0x00007f527af36000,0x00007f527b037000)]

Other Threads:
  0x00007f527407b800 VMThread [stack: 0x00007f5261874000,0x00007f5261975000] [id=23726]
  0x00007f52740d9000 WatcherThread [stack: 0x00007f5260b65000,0x00007f5260c66000] [id=23743]

VM state:not at safepoint (normal execution)

VM Mutex/Monitor currently owned by a thread: None

Heap:
 PSYoungGen      total 36864K, used 5097K [0x00000000d7100000, 0x00000000d9a00000, 0x0000000100000000)
  eden space 31744K, 16% used [0x00000000d7100000,0x00000000d75fa478,0x00000000d9000000)
  from space 5120K, 0% used [0x00000000d9500000,0x00000000d9500000,0x00000000d9a00000)
  to   space 5120K, 0% used [0x00000000d9000000,0x00000000d9000000,0x00000000d9500000)
 ParOldGen       total 84992K, used 0K [0x0000000085200000, 0x000000008a500000, 0x00000000d7100000)
  object space 84992K, 0% used [0x0000000085200000,0x0000000085200000,0x000000008a500000)
 Metaspace       used 6936K, capacity 7056K, committed 7296K, reserved 1056768K
  class space    used 836K, capacity 880K, committed 896K, reserved 1048576K

Card table byte_map: [0x00007f5263e11000,0x00007f52641e9000] byte_map_base: 0x00007f52639e8000

Marking Bits: (ParMarkBitMap*) 0x00007f527a40d760
 Begin Bits: [0x00007f5258290000, 0x00007f525a148000)
 End Bits:   [0x00007f525a148000, 0x00007f525c000000)

Polling page: 0x00007f527b054000

CodeCache: size=245760Kb used=1562Kb max_used=1573Kb free=244197Kb
 bounds [0x00007f52645a9000, 0x00007f5264819000, 0x00007f52735a9000]
 total_blobs=505 nmethods=211 adapters=216
 compilation: enabled

Compilation events (10 events):
Event: 0.555 Thread 0x00007f52740d1000  208       3       java.lang.String::<init> (10 bytes)
Event: 0.555 Thread 0x00007f52740d1000 nmethod 208 0x00007f526472dcd0 code [0x00007f526472de40, 0x00007f526472e010]
Event: 0.555 Thread 0x00007f52740d1000  207       3       java.util.concurrent.ConcurrentHashMap::spread (10 bytes)
Event: 0.555 Thread 0x00007f52740d1000 nmethod 207 0x00007f526472e0d0 code [0x00007f526472e220, 0x00007f526472e370]
Event: 0.556 Thread 0x00007f52740d1000  209       3       sun.misc.MetaIndex::mayContain (51 bytes)
Event: 0.556 Thread 0x00007f52740cc800  210       4       sun.nio.cs.UTF_8$Encoder::encode (359 bytes)
Event: 0.558 Thread 0x00007f52740d1000 nmethod 209 0x00007f526472e5d0 code [0x00007f526472e780, 0x00007f526472edf8]
Event: 0.562 Thread 0x00007f52740cc800 nmethod 210 0x00007f5264732110 code [0x00007f5264732280, 0x00007f52647326b8]
Event: 10.270 Thread 0x00007f52740d1000  211       3       com.sun.org.apache.xerces.internal.util.XMLChar::isContent (35 bytes)
Event: 10.270 Thread 0x00007f52740d1000 nmethod 211 0x00007f5264731c50 code [0x00007f5264731dc0, 0x00007f5264732030]

GC Heap History (0 events):
No events

Deoptimization events (1 events):
Event: 0.531 Thread 0x00007f527400d800 Uncommon trap: reason=unstable_if action=reinterpret pc=0x00007f5264716e60 method=java.lang.String.indexOf(II)I @ 49

Internal exceptions (10 events):
Event: 0.386 Thread 0x00007f527400d800 Exception <a 'java/security/PrivilegedActionException'> (0x00000000d7436480) thrown at [/RE-WORK/workspace/8-2-build-linux-amd64/jdk8u45/3457/hotspot/src/share/vm/prims/jvm.cpp, line 1382]
Event: 0.391 Thread 0x00007f527400d800 Exception <a 'java/lang/ClassNotFoundException': com/sun/org/glassfish/hk2/osgiresourcelocator/ServiceLoader> (0x00000000d74525c8) thrown at [/RE-WORK/workspace/8-2-build-linux-amd64/jdk8u45/3457/hotspot/src/share/vm/classfile/systemDictionary.cpp, line 2
Event: 0.396 Thread 0x00007f527400d800 Exception <a 'java/lang/NullPointerException'> (0x00000000d745c750) thrown at [/RE-WORK/workspace/8-2-build-linux-amd64/jdk8u45/3457/hotspot/src/share/vm/interpreter/linkResolver.cpp, line 1280]
Event: 0.438 Thread 0x00007f527400d800 Exception <a 'java/lang/ArrayIndexOutOfBoundsException': 23> (0x00000000d7475898) thrown at [/RE-WORK/workspace/8-2-build-linux-amd64/jdk8u45/3457/hotspot/src/share/vm/interpreter/interpreterRuntime.cpp, line 366]
Event: 0.463 Thread 0x00007f527400d800 Exception <a 'java/lang/ArrayIndexOutOfBoundsException'> (0x00000000d74adc90) thrown at [/RE-WORK/workspace/8-2-build-linux-amd64/jdk8u45/3457/hotspot/src/share/vm/runtime/sharedRuntime.cpp, line 605]
Event: 0.463 Thread 0x00007f527400d800 Exception <a 'java/lang/ArrayIndexOutOfBoundsException'> (0x00000000d74ae810) thrown at [/RE-WORK/workspace/8-2-build-linux-amd64/jdk8u45/3457/hotspot/src/share/vm/runtime/sharedRuntime.cpp, line 605]
Event: 0.464 Thread 0x00007f527400d800 Exception <a 'java/lang/ArrayIndexOutOfBoundsException'> (0x00000000d74afa40) thrown at [/RE-WORK/workspace/8-2-build-linux-amd64/jdk8u45/3457/hotspot/src/share/vm/runtime/sharedRuntime.cpp, line 605]
Event: 0.464 Thread 0x00007f527400d800 Exception <a 'java/lang/ArrayIndexOutOfBoundsException'> (0x00000000d74b0e10) thrown at [/RE-WORK/workspace/8-2-build-linux-amd64/jdk8u45/3457/hotspot/src/share/vm/runtime/sharedRuntime.cpp, line 605]
Event: 0.478 Thread 0x00007f527400d800 Exception <a 'java/lang/ArrayIndexOutOfBoundsException'> (0x00000000d74e8ae0) thrown at [/RE-WORK/workspace/8-2-build-linux-amd64/jdk8u45/3457/hotspot/src/share/vm/runtime/sharedRuntime.cpp, line 605]
Event: 0.478 Thread 0x00007f527400d800 Exception <a 'java/lang/ArrayIndexOutOfBoundsException'> (0x00000000d74e9880) thrown at [/RE-WORK/workspace/8-2-build-linux-amd64/jdk8u45/3457/hotspot/src/share/vm/runtime/sharedRuntime.cpp, line 605]

Events (10 events):
Event: 10.301 Executing VM operation: GetOrSetLocal
Event: 10.301 Executing VM operation: GetOrSetLocal done
Event: 12.804 Executing VM operation: GetOrSetLocal
Event: 12.804 Executing VM operation: GetOrSetLocal done
Event: 15.000 Executing VM operation: GetOrSetLocal
Event: 15.000 Executing VM operation: GetOrSetLocal done
Event: 993.362 Executing VM operation: GetOrSetLocal
Event: 993.362 Executing VM operation: GetOrSetLocal done
Event: 1292.490 Executing VM operation: RedefineClasses
Event: 1292.491 Executing VM operation: RedefineClasses done


Dynamic libraries:
00400000-00401000 r-xp 00000000 08:09 23131953                           /usr/lib/jvm/java-8-oracle/bin/java
00600000-00601000 rw-p 00000000 08:09 23131953                           /usr/lib/jvm/java-8-oracle/bin/java
00c6a000-00c8b000 rw-p 00000000 00:00 0                                  [heap]
85200000-8a500000 rw-p 00000000 00:00 0 
8a500000-d7100000 ---p 00000000 00:00 0 
d7100000-d9a00000 rw-p 00000000 00:00 0 
d9a00000-100000000 ---p 00000000 00:00 0 
100000000-1000e0000 rw-p 00000000 00:00 0 
1000e0000-140000000 ---p 00000000 00:00 0 
7f5214000000-7f5214021000 rw-p 00000000 00:00 0 
7f5214021000-7f5218000000 ---p 00000000 00:00 0 
7f521c000000-7f521c1ae000 rw-p 00000000 00:00 0 
7f521c1ae000-7f5220000000 ---p 00000000 00:00 0 
7f5220000000-7f5220021000 rw-p 00000000 00:00 0 
7f5220021000-7f5224000000 ---p 00000000 00:00 0 
7f5224000000-7f5224076000 rw-p 00000000 00:00 0 
7f5224076000-7f5228000000 ---p 00000000 00:00 0 
7f5228000000-7f5228021000 rw-p 00000000 00:00 0 
7f5228021000-7f522c000000 ---p 00000000 00:00 0 
7f522c000000-7f522c021000 rw-p 00000000 00:00 0 
7f522c021000-7f5230000000 ---p 00000000 00:00 0 
7f5230000000-7f5230021000 rw-p 00000000 00:00 0 
7f5230021000-7f5234000000 ---p 00000000 00:00 0 
7f5234000000-7f5234021000 rw-p 00000000 00:00 0 
7f5234021000-7f5238000000 ---p 00000000 00:00 0 
7f5238000000-7f5238028000 rw-p 00000000 00:00 0 
7f5238028000-7f523c000000 ---p 00000000 00:00 0 
7f523c000000-7f523c021000 rw-p 00000000 00:00 0 
7f523c021000-7f5240000000 ---p 00000000 00:00 0 
7f5240000000-7f5240021000 rw-p 00000000 00:00 0 
7f5240021000-7f5244000000 ---p 00000000 00:00 0 
7f5244000000-7f5244021000 rw-p 00000000 00:00 0 
7f5244021000-7f5248000000 ---p 00000000 00:00 0 
7f5248000000-7f5248021000 rw-p 00000000 00:00 0 
7f5248021000-7f524c000000 ---p 00000000 00:00 0 
7f524c000000-7f524c021000 rw-p 00000000 00:00 0 
7f524c021000-7f5250000000 ---p 00000000 00:00 0 
7f5254000000-7f5254021000 rw-p 00000000 00:00 0 
7f5254021000-7f5258000000 ---p 00000000 00:00 0 
7f5258290000-7f525c000000 rw-p 00000000 00:00 0 
7f525c000000-7f525c021000 rw-p 00000000 00:00 0 
7f525c021000-7f5260000000 ---p 00000000 00:00 0 
7f5260781000-7f5260a08000 rw-p 00000000 00:00 0 
7f5260a08000-7f5260a24000 r--s 00393000 08:09 23131590                   /usr/lib/jvm/java-8-oracle/jre/lib/ext/cldrdata.jar
7f5260a24000-7f5260a2f000 r--s 00116000 08:09 23131588                   /usr/lib/jvm/java-8-oracle/jre/lib/ext/localedata.jar
7f5260a2f000-7f5260a42000 r--s 00344000 08:09 23131578                   /usr/lib/jvm/java-8-oracle/jre/lib/resources.jar
7f5260a42000-7f5260a47000 r--s 00068000 08:09 9629623                    /home/jianming/.m2/repository/antlr/antlr/2.7.7/antlr-2.7.7.jar
7f5260a47000-7f5260a55000 r--s 0007f000 08:09 9645546                    /home/jianming/.m2/repository/commons-collections/commons-collections/3.2.1/commons-collections-3.2.1.jar
7f5260a55000-7f5260a57000 r--s 0000d000 08:09 9613862                    /home/jianming/.m2/repository/commons-logging/commons-logging/1.1.1/commons-logging-1.1.1.jar
7f5260a57000-7f5260a5c000 r--s 00016000 08:09 9629620                    /home/jianming/.m2/repository/xml-apis/xml-apis/1.0.b2/xml-apis-1.0.b2.jar
7f5260a5c000-7f5260a61000 r--s 00048000 08:09 9629617                    /home/jianming/.m2/repository/dom4j/dom4j/1.6.1/dom4j-1.6.1.jar
7f5260a61000-7f5260a63000 r--s 00005000 08:09 9645516                    /home/jianming/.m2/repository/org/slf4j/slf4j-api/1.6.1/slf4j-api-1.6.1.jar
7f5260a63000-7f5260a78000 r--s 000e1000 08:09 9645502                    /home/jianming/.m2/repository/net/sf/ehcache/ehcache-core/2.4.3/ehcache-core-2.4.3.jar
7f5260a78000-7f5260a7c000 r--s 0001e000 08:09 9645498                    /home/jianming/.m2/repository/org/hibernate/hibernate-ehcache/4.3.9.Final/hibernate-ehcache-4.3.9.Final.jar
7f5260a7c000-7f5260a8a000 r--s 00080000 08:09 9645495                    /home/jianming/.m2/repository/com/mchange/mchange-commons-java/0.2.3.4/mchange-commons-java-0.2.3.4.jar
7f5260a8a000-7f5260a91000 r--s 00061000 08:09 9645492                    /home/jianming/.m2/repository/com/mchange/c3p0/0.9.2.1/c3p0-0.9.2.1.jar
7f5260a91000-7f5260a92000 r--s 00009000 08:09 9645489                    /home/jianming/.m2/repository/org/hibernate/hibernate-c3p0/4.3.9.Final/hibernate-c3p0-4.3.9.Final.jar
7f5260a92000-7f5260a94000 r--s 00011000 08:09 9629614                    /home/jianming/.m2/repository/org/jboss/jandex/1.1.0.Final/jandex-1.1.0.Final.jar
7f5260a94000-7f5260a9e000 r--s 000a5000 08:09 9629611                    /home/jianming/.m2/repository/org/javassist/javassist/3.18.1-GA/javassist-3.18.1-GA.jar
7f5260a9e000-7f5260aa3000 r--s 00017000 08:09 9629608                    /home/jianming/.m2/repository/org/hibernate/javax/persistence/hibernate-jpa-2.1-api/1.0.0.Final/hibernate-jpa-2.1-api-1.0.0.Final.jar
7f5260aa3000-7f5260b01000 r--s 004ab000 08:09 9629593                    /home/jianming/.m2/repository/org/hibernate/hibernate-core/4.3.9.Final/hibernate-core-4.3.9.Final.jar
7f5260b01000-7f5260b07000 r--s 000ab000 08:09 9629590                    /home/jianming/.m2/repository/mysql/mysql-connector-java/5.1.9/mysql-connector-java-5.1.9.jar
7f5260b07000-7f5260b0e000 r--s 0003f000 08:09 9629584                    /home/jianming/.m2/repository/cglib/cglib/3.1/cglib-3.1.jar
7f5260b0e000-7f5260b1a000 r--s 0006f000 08:09 9629581                    /home/jianming/.m2/repository/org/springframework/spring-test/4.1.6.RELEASE/spring-test-4.1.6.RELEASE.jar
7f5260b1a000-7f5260b21000 r--s 00037000 08:09 9629578                    /home/jianming/.m2/repository/org/springframework/spring-tx/4.1.6.RELEASE/spring-tx-4.1.6.RELEASE.jar
7f5260b21000-7f5260b2b000 r--s 0005f000 08:09 9629575                    /home/jianming/.m2/repository/org/springframework/spring-jdbc/4.1.6.RELEASE/spring-jdbc-4.1.6.RELEASE.jar
7f5260b2b000-7f5260b40000 r--s 000e2000 08:09 9629569                    /home/jianming/.m2/repository/org/springframework/spring-core/4.1.6.RELEASE/spring-core-4.1.6.RELEASE.jar
7f5260b40000-7f5260b4d000 r--s 000a0000 08:09 9629563                    /home/jianming/.m2/repository/org/springframework/spring-beans/4.1.6.RELEASE/spring-beans-4.1.6.RELEASE.jar
7f5260b4d000-7f5260b65000 r--s 000e3000 08:09 9629554                    /home/jianming/.m2/repository/org/springframework/spring-context/4.1.6.RELEASE/spring-context-4.1.6.RELEASE.jar
7f5260b65000-7f5260b66000 ---p 00000000 00:00 0 
7f5260b66000-7f5260c66000 rw-p 00000000 00:00 0                          [stack:23743]
7f5260c66000-7f5260c69000 ---p 00000000 00:00 0 
7f5260c69000-7f5260d67000 rw-p 00000000 00:00 0                          [stack:23742]
7f5260d67000-7f5260d6a000 ---p 00000000 00:00 0 
7f5260d6a000-7f5260e68000 rw-p 00000000 00:00 0                          [stack:23741]
7f5260e68000-7f5260e6b000 ---p 00000000 00:00 0 
7f5260e6b000-7f5260f69000 rw-p 00000000 00:00 0                          [stack:23740]
7f5260f69000-7f5260f6c000 ---p 00000000 00:00 0 
7f5260f6c000-7f526106a000 rw-p 00000000 00:00 0                          [stack:23739]
7f526106a000-7f526106d000 ---p 00000000 00:00 0 
7f526106d000-7f526116b000 rw-p 00000000 00:00 0                          [stack:23735]
7f526116b000-7f526116e000 ---p 00000000 00:00 0 
7f526116e000-7f526126c000 rw-p 00000000 00:00 0                          [stack:23734]
7f526126c000-7f526126f000 ---p 00000000 00:00 0 
7f526126f000-7f526136d000 rw-p 00000000 00:00 0                          [stack:23733]
7f526136d000-7f5261371000 r-xp 00000000 08:09 23131686                   /usr/lib/jvm/java-8-oracle/jre/lib/amd64/libdt_socket.so
7f5261371000-7f5261570000 ---p 00004000 08:09 23131686                   /usr/lib/jvm/java-8-oracle/jre/lib/amd64/libdt_socket.so
7f5261570000-7f5261571000 rw-p 00003000 08:09 23131686                   /usr/lib/jvm/java-8-oracle/jre/lib/amd64/libdt_socket.so
7f5261571000-7f5261574000 ---p 00000000 00:00 0 
7f5261574000-7f5261672000 rw-p 00000000 00:00 0                          [stack:23731]
7f5261672000-7f5261675000 ---p 00000000 00:00 0 
7f5261675000-7f5261773000 rw-p 00000000 00:00 0                          [stack:23728]
7f5261773000-7f5261776000 ---p 00000000 00:00 0 
7f5261776000-7f5261874000 rw-p 00000000 00:00 0                          [stack:23727]
7f5261874000-7f5261875000 ---p 00000000 00:00 0 
7f5261875000-7f5262957000 rw-p 00000000 00:00 0                          [stack:23726]
7f5262957000-7f5262b30000 r--s 03d09000 08:09 23131750                   /usr/lib/jvm/java-8-oracle/jre/lib/rt.jar
7f5262b30000-7f52631e6000 rw-p 00000000 00:00 0 
7f52631e6000-7f52633a6000 ---p 00000000 00:00 0 
7f52633a6000-7f526377d000 rw-p 00000000 00:00 0 
7f526377d000-7f526377e000 ---p 00000000 00:00 0 
7f526377e000-7f526387e000 rw-p 00000000 00:00 0                          [stack:23725]
7f526387e000-7f526387f000 ---p 00000000 00:00 0 
7f526387f000-7f526397f000 rw-p 00000000 00:00 0                          [stack:23724]
7f526397f000-7f5263980000 ---p 00000000 00:00 0 
7f5263980000-7f5263a80000 rw-p 00000000 00:00 0                          [stack:23723]
7f5263a80000-7f5263a81000 ---p 00000000 00:00 0 
7f5263a81000-7f5263bab000 rw-p 00000000 00:00 0                          [stack:23722]
7f5263bab000-7f5263e11000 ---p 00000000 00:00 0 
7f5263e11000-7f5263e3b000 rw-p 00000000 00:00 0 
7f5263e3b000-7f52640a0000 ---p 00000000 00:00 0 
7f52640a0000-7f52640b5000 rw-p 00000000 00:00 0 
7f52640b5000-7f52641e8000 ---p 00000000 00:00 0 
7f52641e8000-7f52641f3000 rw-p 00000000 00:00 0 
7f52641f3000-7f52645a9000 ---p 00000000 00:00 0 
7f52645a9000-7f5264819000 rwxp 00000000 00:00 0 
7f5264819000-7f52735a9000 ---p 00000000 00:00 0 
7f52735a9000-7f52735c3000 r-xp 00000000 08:09 23131731                   /usr/lib/jvm/java-8-oracle/jre/lib/amd64/libzip.so
7f52735c3000-7f52737c3000 ---p 0001a000 08:09 23131731                   /usr/lib/jvm/java-8-oracle/jre/lib/amd64/libzip.so
7f52737c3000-7f52737c4000 rw-p 0001a000 08:09 23131731                   /usr/lib/jvm/java-8-oracle/jre/lib/amd64/libzip.so
7f52737c4000-7f52737cf000 r-xp 00000000 08:09 19173982                   /lib/x86_64-linux-gnu/libnss_files-2.19.so
7f52737cf000-7f52739ce000 ---p 0000b000 08:09 19173982                   /lib/x86_64-linux-gnu/libnss_files-2.19.so
7f52739ce000-7f52739cf000 r--p 0000a000 08:09 19173982                   /lib/x86_64-linux-gnu/libnss_files-2.19.so
7f52739cf000-7f52739d0000 rw-p 0000b000 08:09 19173982                   /lib/x86_64-linux-gnu/libnss_files-2.19.so
7f52739d0000-7f52739db000 r-xp 00000000 08:09 19176599                   /lib/x86_64-linux-gnu/libnss_nis-2.19.so
7f52739db000-7f5273bda000 ---p 0000b000 08:09 19176599                   /lib/x86_64-linux-gnu/libnss_nis-2.19.so
7f5273bda000-7f5273bdb000 r--p 0000a000 08:09 19176599                   /lib/x86_64-linux-gnu/libnss_nis-2.19.so
7f5273bdb000-7f5273bdc000 rw-p 0000b000 08:09 19176599                   /lib/x86_64-linux-gnu/libnss_nis-2.19.so
7f5273bdc000-7f5273bf3000 r-xp 00000000 08:09 19173991                   /lib/x86_64-linux-gnu/libnsl-2.19.so
7f5273bf3000-7f5273df2000 ---p 00017000 08:09 19173991                   /lib/x86_64-linux-gnu/libnsl-2.19.so
7f5273df2000-7f5273df3000 r--p 00016000 08:09 19173991                   /lib/x86_64-linux-gnu/libnsl-2.19.so
7f5273df3000-7f5273df4000 rw-p 00017000 08:09 19173991                   /lib/x86_64-linux-gnu/libnsl-2.19.so
7f5273df4000-7f5273df6000 rw-p 00000000 00:00 0 
7f5273df6000-7f5273dff000 r-xp 00000000 08:09 19173990                   /lib/x86_64-linux-gnu/libnss_compat-2.19.so
7f5273dff000-7f5273ffe000 ---p 00009000 08:09 19173990                   /lib/x86_64-linux-gnu/libnss_compat-2.19.so
7f5273ffe000-7f5273fff000 r--p 00008000 08:09 19173990                   /lib/x86_64-linux-gnu/libnss_compat-2.19.so
7f5273fff000-7f5274000000 rw-p 00009000 08:09 19173990                   /lib/x86_64-linux-gnu/libnss_compat-2.19.so
7f5274000000-7f5274344000 rw-p 00000000 00:00 0 
7f5274344000-7f5278000000 ---p 00000000 00:00 0 
7f5278000000-7f5278008000 r--s 00054000 08:09 9629572                    /home/jianming/.m2/repository/org/springframework/spring-orm/4.1.6.RELEASE/spring-orm-4.1.6.RELEASE.jar
7f5278008000-7f52786ea000 r--p 00000000 08:09 22639977                   /usr/lib/locale/locale-archive
7f52786ea000-7f52786ec000 r-xp 00000000 08:09 23131700                   /usr/lib/jvm/java-8-oracle/jre/lib/amd64/libnpt.so
7f52786ec000-7f52788ec000 ---p 00002000 08:09 23131700                   /usr/lib/jvm/java-8-oracle/jre/lib/amd64/libnpt.so
7f52788ec000-7f52788ed000 rw-p 00002000 08:09 23131700                   /usr/lib/jvm/java-8-oracle/jre/lib/amd64/libnpt.so
7f52788ed000-7f5278926000 r-xp 00000000 08:09 23131707                   /usr/lib/jvm/java-8-oracle/jre/lib/amd64/libjdwp.so
7f5278926000-7f5278b25000 ---p 00039000 08:09 23131707                   /usr/lib/jvm/java-8-oracle/jre/lib/amd64/libjdwp.so
7f5278b25000-7f5278b27000 rw-p 00038000 08:09 23131707                   /usr/lib/jvm/java-8-oracle/jre/lib/amd64/libjdwp.so
7f5278b27000-7f5278b51000 r-xp 00000000 08:09 23131671                   /usr/lib/jvm/java-8-oracle/jre/lib/amd64/libjava.so
7f5278b51000-7f5278d51000 ---p 0002a000 08:09 23131671                   /usr/lib/jvm/java-8-oracle/jre/lib/amd64/libjava.so
7f5278d51000-7f5278d53000 rw-p 0002a000 08:09 23131671                   /usr/lib/jvm/java-8-oracle/jre/lib/amd64/libjava.so
7f5278d53000-7f5278d60000 r-xp 00000000 08:09 23131716                   /usr/lib/jvm/java-8-oracle/jre/lib/amd64/libverify.so
7f5278d60000-7f5278f60000 ---p 0000d000 08:09 23131716                   /usr/lib/jvm/java-8-oracle/jre/lib/amd64/libverify.so
7f5278f60000-7f5278f62000 rw-p 0000d000 08:09 23131716                   /usr/lib/jvm/java-8-oracle/jre/lib/amd64/libverify.so
7f5278f62000-7f5278f69000 r-xp 00000000 08:09 19174897                   /lib/x86_64-linux-gnu/librt-2.19.so
7f5278f69000-7f5279168000 ---p 00007000 08:09 19174897                   /lib/x86_64-linux-gnu/librt-2.19.so
7f5279168000-7f5279169000 r--p 00006000 08:09 19174897                   /lib/x86_64-linux-gnu/librt-2.19.so
7f5279169000-7f527916a000 rw-p 00007000 08:09 19174897                   /lib/x86_64-linux-gnu/librt-2.19.so
7f527916a000-7f527926f000 r-xp 00000000 08:09 19173981                   /lib/x86_64-linux-gnu/libm-2.19.so
7f527926f000-7f527946e000 ---p 00105000 08:09 19173981                   /lib/x86_64-linux-gnu/libm-2.19.so
7f527946e000-7f527946f000 r--p 00104000 08:09 19173981                   /lib/x86_64-linux-gnu/libm-2.19.so
7f527946f000-7f5279470000 rw-p 00105000 08:09 19173981                   /lib/x86_64-linux-gnu/libm-2.19.so
7f5279470000-7f527a11e000 r-xp 00000000 08:09 23131706                   /usr/lib/jvm/java-8-oracle/jre/lib/amd64/server/libjvm.so
7f527a11e000-7f527a31d000 ---p 00cae000 08:09 23131706                   /usr/lib/jvm/java-8-oracle/jre/lib/amd64/server/libjvm.so
7f527a31d000-7f527a3f4000 rw-p 00cad000 08:09 23131706                   /usr/lib/jvm/java-8-oracle/jre/lib/amd64/server/libjvm.so
7f527a3f4000-7f527a438000 rw-p 00000000 00:00 0 
7f527a438000-7f527a5f3000 r-xp 00000000 08:09 19174893                   /lib/x86_64-linux-gnu/libc-2.19.so
7f527a5f3000-7f527a7f2000 ---p 001bb000 08:09 19174893                   /lib/x86_64-linux-gnu/libc-2.19.so
7f527a7f2000-7f527a7f6000 r--p 001ba000 08:09 19174893                   /lib/x86_64-linux-gnu/libc-2.19.so
7f527a7f6000-7f527a7f8000 rw-p 001be000 08:09 19174893                   /lib/x86_64-linux-gnu/libc-2.19.so
7f527a7f8000-7f527a7fd000 rw-p 00000000 00:00 0 
7f527a7fd000-7f527a800000 r-xp 00000000 08:09 19173985                   /lib/x86_64-linux-gnu/libdl-2.19.so
7f527a800000-7f527a9ff000 ---p 00003000 08:09 19173985                   /lib/x86_64-linux-gnu/libdl-2.19.so
7f527a9ff000-7f527aa00000 r--p 00002000 08:09 19173985                   /lib/x86_64-linux-gnu/libdl-2.19.so
7f527aa00000-7f527aa01000 rw-p 00003000 08:09 19173985                   /lib/x86_64-linux-gnu/libdl-2.19.so
7f527aa01000-7f527aa16000 r-xp 00000000 08:09 23139306                   /usr/lib/jvm/java-8-oracle/lib/amd64/jli/libjli.so
7f527aa16000-7f527ac16000 ---p 00015000 08:09 23139306                   /usr/lib/jvm/java-8-oracle/lib/amd64/jli/libjli.so
7f527ac16000-7f527ac17000 rw-p 00015000 08:09 23139306                   /usr/lib/jvm/java-8-oracle/lib/amd64/jli/libjli.so
7f527ac17000-7f527ac30000 r-xp 00000000 08:09 19174894                   /lib/x86_64-linux-gnu/libpthread-2.19.so
7f527ac30000-7f527ae2f000 ---p 00019000 08:09 19174894                   /lib/x86_64-linux-gnu/libpthread-2.19.so
7f527ae2f000-7f527ae30000 r--p 00018000 08:09 19174894                   /lib/x86_64-linux-gnu/libpthread-2.19.so
7f527ae30000-7f527ae31000 rw-p 00019000 08:09 19174894                   /lib/x86_64-linux-gnu/libpthread-2.19.so
7f527ae31000-7f527ae35000 rw-p 00000000 00:00 0 
7f527ae35000-7f527ae58000 r-xp 00000000 08:09 19174889                   /lib/x86_64-linux-gnu/ld-2.19.so
7f527ae58000-7f527ae5b000 r--s 00010000 08:09 9629605                    /home/jianming/.m2/repository/org/hibernate/common/hibernate-commons-annotations/4.0.5.Final/hibernate-commons-annotations-4.0.5.Final.jar
7f527ae5b000-7f527ae5c000 r--s 00006000 08:09 9629602                    /home/jianming/.m2/repository/org/jboss/spec/javax/transaction/jboss-transaction-api_1.2_spec/1.0.0.Final/jboss-transaction-api_1.2_spec-1.0.0.Final.jar
7f527ae5c000-7f527ae5d000 r--s 00002000 08:09 9629599                    /home/jianming/.m2/repository/org/jboss/logging/jboss-logging-annotations/1.2.0.Beta1/jboss-logging-annotations-1.2.0.Beta1.jar
7f527ae5d000-7f527ae62000 r--s 0003b000 08:09 9629566                    /home/jianming/.m2/repository/org/springframework/spring-expression/4.1.6.RELEASE/spring-expression-4.1.6.RELEASE.jar
7f527ae62000-7f527ae6b000 r--s 0004f000 08:09 9629557                    /home/jianming/.m2/repository/org/springframework/spring-aop/4.1.6.RELEASE/spring-aop-4.1.6.RELEASE.jar
7f527ae6b000-7f527af36000 rw-p 00000000 00:00 0 
7f527af36000-7f527af39000 ---p 00000000 00:00 0 
7f527af39000-7f527b03b000 rw-p 00000000 00:00 0                          [stack:23718]
7f527b03b000-7f527b03d000 r--s 0000c000 08:09 9629596                    /home/jianming/.m2/repository/org/jboss/logging/jboss-logging/3.1.3.GA/jboss-logging-3.1.3.GA.jar
7f527b03d000-7f527b03e000 r--s 0000b000 08:09 9629587                    /home/jianming/.m2/repository/org/ow2/asm/asm/4.2/asm-4.2.jar
7f527b03e000-7f527b040000 r--s 00000000 08:09 9629560                    /home/jianming/.m2/repository/aopalliance/aopalliance/1.0/aopalliance-1.0.jar
7f527b040000-7f527b043000 r--s 0001b000 08:09 9613321                    /home/jianming/.m2/repository/junit/junit/3.8.1/junit-3.8.1.jar
7f527b043000-7f527b045000 r--s 0000c000 08:09 15145249                   /opt/eclipse/plugins/org.hamcrest.core_1.3.0.v201303031735.jar
7f527b045000-7f527b04b000 r--s 00036000 08:09 15145706                   /opt/eclipse/plugins/org.junit_4.11.0.v201303080030/junit.jar
7f527b04b000-7f527b053000 rw-s 00000000 08:09 18927720                   /tmp/hsperfdata_jianming/23715
7f527b053000-7f527b054000 rw-p 00000000 00:00 0 
7f527b054000-7f527b055000 r--p 00000000 00:00 0 
7f527b055000-7f527b057000 rw-p 00000000 00:00 0 
7f527b057000-7f527b058000 r--p 00022000 08:09 19174889                   /lib/x86_64-linux-gnu/ld-2.19.so
7f527b058000-7f527b059000 rw-p 00023000 08:09 19174889                   /lib/x86_64-linux-gnu/ld-2.19.so
7f527b059000-7f527b05a000 rw-p 00000000 00:00 0 
7ffc9099e000-7ffc909c0000 rw-p 00000000 00:00 0                          [stack]
7ffc909dd000-7ffc909df000 r-xp 00000000 00:00 0                          [vdso]
ffffffffff600000-ffffffffff601000 r-xp 00000000 00:00 0                  [vsyscall]

VM Arguments:
jvm_args: -agentlib:jdwp=transport=dt_socket,suspend=y,address=localhost:46567 -Dfile.encoding=UTF-8 
java_command: com.cicidi.ssh.model.jaxbInterprator.XmlReader
java_class_path (initial): /home/jianming/workspace/HelloCCD/Spring/target/test-classes:/home/jianming/workspace/HelloCCD/Spring/target/classes:/opt/eclipse/plugins/org.junit_4.11.0.v201303080030/junit.jar:/opt/eclipse/plugins/org.hamcrest.core_1.3.0.v201303031735.jar:/home/jianming/.m2/repository/junit/junit/3.8.1/junit-3.8.1.jar:/home/jianming/.m2/repository/org/springframework/spring-context/4.1.6.RELEASE/spring-context-4.1.6.RELEASE.jar:/home/jianming/.m2/repository/org/springframework/spring-aop/4.1.6.RELEASE/spring-aop-4.1.6.RELEASE.jar:/home/jianming/.m2/repository/aopalliance/aopalliance/1.0/aopalliance-1.0.jar:/home/jianming/.m2/repository/org/springframework/spring-beans/4.1.6.RELEASE/spring-beans-4.1.6.RELEASE.jar:/home/jianming/.m2/repository/org/springframework/spring-expression/4.1.6.RELEASE/spring-expression-4.1.6.RELEASE.jar:/home/jianming/.m2/repository/org/springframework/spring-core/4.1.6.RELEASE/spring-core-4.1.6.RELEASE.jar:/home/jianming/.m2/repository/org/springframework/spring-orm/4.1.6.RELEASE/spring-orm-4.1.6.RELEASE.jar:/home/jianming/.m2/repository/org/springframework/spring-jdbc/4.1.6.RELEASE/spring-jdbc-4.1.6.RELEASE.jar:/home/jianming/.m2/repository/org/springframework/spring-tx/4.1.6.RELEASE/spring-tx-4.1.6.RELEASE.jar:/home/jianming/.m2/repository/org/springframework/spring-test/4.1.6.RELEASE/spring-test-4.1.6.RELEASE.jar:/home/jianming/.m2/repository/cglib/cglib/3.1/cglib-3.1.jar:/home/jianming/.m2/repository/org/ow2/asm/asm/4.2/asm-4.2.jar:/home/jianming/.m2/repository/mysql/mysql-connector-java/5.1.9/mysql-connector-java-5.1.9.jar:/home/jianming/.m2/repository/org/hibernate/hibernate-core/4.3.9.Final/hibernate-core-4.3.9.Final.jar:/home/jianming/.m2/repository/org/jboss/logging/jboss-logging/3.1.3.GA/jboss-logging-3.1.3.GA.jar:/home/jianming/.m2/repository/org/jboss/logging/jboss-logging-annotations/1.2.0.Beta1/jboss-logging-annotations-1.2.0.Beta1.jar:/home/jianming/.m2/repository/org/jboss/spec/javax/transaction/jboss-transact
Launcher Type: SUN_STANDARD

Environment Variables:
PATH=/usr/local/sbin:/usr/local/bin:/usr/sbin:/usr/bin:/sbin:/bin:/usr/games:/usr/local/games
SHELL=/bin/bash
DISPLAY=:0

Signal Handlers:
SIGSEGV: [libjvm.so+0xaad1e0], sa_mask[0]=11111111011111111101111111111110, sa_flags=SA_RESTART|SA_SIGINFO
SIGBUS: [libjvm.so+0xaad1e0], sa_mask[0]=11111111011111111101111111111110, sa_flags=SA_RESTART|SA_SIGINFO
SIGFPE: [libjvm.so+0x90b450], sa_mask[0]=11111111011111111101111111111110, sa_flags=SA_RESTART|SA_SIGINFO
SIGPIPE: [libjvm.so+0x90b450], sa_mask[0]=11111111011111111101111111111110, sa_flags=SA_RESTART|SA_SIGINFO
SIGXFSZ: [libjvm.so+0x90b450], sa_mask[0]=11111111011111111101111111111110, sa_flags=SA_RESTART|SA_SIGINFO
SIGILL: [libjvm.so+0x90b450], sa_mask[0]=11111111011111111101111111111110, sa_flags=SA_RESTART|SA_SIGINFO
SIGUSR1: SIG_DFL, sa_mask[0]=00000000000000000000000000000000, sa_flags=none
SIGUSR2: [libjvm.so+0x90ca90], sa_mask[0]=00100000000000000000000000000000, sa_flags=SA_RESTART|SA_SIGINFO
SIGHUP: [libjvm.so+0x90dde0], sa_mask[0]=11111111011111111101111111111110, sa_flags=SA_RESTART|SA_SIGINFO
SIGINT: [libjvm.so+0x90dde0], sa_mask[0]=11111111011111111101111111111110, sa_flags=SA_RESTART|SA_SIGINFO
SIGTERM: [libjvm.so+0x90dde0], sa_mask[0]=11111111011111111101111111111110, sa_flags=SA_RESTART|SA_SIGINFO
SIGQUIT: [libjvm.so+0x90dde0], sa_mask[0]=11111111011111111101111111111110, sa_flags=SA_RESTART|SA_SIGINFO


---------------  S Y S T E M  ---------------

OS:DISTRIB_ID=Ubuntu
DISTRIB_RELEASE=14.04
DISTRIB_CODENAME=trusty
DISTRIB_DESCRIPTION="Ubuntu 14.04.2 LTS"

uname:Linux 3.13.0-49-generic #83-Ubuntu SMP Fri Apr 10 20:11:33 UTC 2015 x86_64
libc:glibc 2.19 NPTL 2.19 
rlimit: STACK 8192k, CORE 0k, NPROC 62399, NOFILE 4096, AS infinity
load average:0.86 0.67 0.67

/proc/meminfo:
MemTotal:        8051772 kB
MemFree:          192184 kB
Buffers:           96324 kB
Cached:          2400156 kB
SwapCached:            4 kB
Active:          5541460 kB
Inactive:        1863564 kB
Active(anon):    4772332 kB
Inactive(anon):  1113664 kB
Active(file):     769128 kB
Inactive(file):   749900 kB
Unevictable:          48 kB
Mlocked:              48 kB
SwapTotal:       4069372 kB
SwapFree:        4042864 kB
Dirty:               116 kB
Writeback:             0 kB
AnonPages:       4908868 kB
Mapped:           502512 kB
Shmem:            977432 kB
Slab:             267796 kB
SReclaimable:     212928 kB
SUnreclaim:        54868 kB
KernelStack:        8288 kB
PageTables:        77308 kB
NFS_Unstable:          0 kB
Bounce:                0 kB
WritebackTmp:          0 kB
CommitLimit:     8095256 kB
Committed_AS:   16031340 kB
VmallocTotal:   34359738367 kB
VmallocUsed:      365428 kB
VmallocChunk:   34359361620 kB
HardwareCorrupted:     0 kB
AnonHugePages:   1605632 kB
HugePages_Total:       0
HugePages_Free:        0
HugePages_Rsvd:        0
HugePages_Surp:        0
Hugepagesize:       2048 kB
DirectMap4k:      125364 kB
DirectMap2M:     8138752 kB


CPU:total 4 (2 cores per cpu, 2 threads per core) family 6 model 42 stepping 7, cmov, cx8, fxsr, mmx, sse, sse2, sse3, ssse3, sse4.1, sse4.2, popcnt, avx, clmul, ht, tsc, tscinvbit

/proc/cpuinfo:
processor	: 0
vendor_id	: GenuineIntel
cpu family	: 6
model		: 42
model name	: Intel(R) Core(TM) i3-2130 CPU @ 3.40GHz
stepping	: 7
microcode	: 0x28
cpu MHz		: 3400.000
cache size	: 3072 KB
physical id	: 0
siblings	: 4
core id		: 0
cpu cores	: 2
apicid		: 0
initial apicid	: 0
fpu		: yes
fpu_exception	: yes
cpuid level	: 13
wp		: yes
flags		: fpu vme de pse tsc msr pae mce cx8 apic sep mtrr pge mca cmov pat pse36 clflush dts acpi mmx fxsr sse sse2 ss ht tm pbe syscall nx rdtscp lm constant_tsc arch_perfmon pebs bts rep_good nopl xtopology nonstop_tsc aperfmperf eagerfpu pni pclmulqdq dtes64 monitor ds_cpl vmx est tm2 ssse3 cx16 xtpr pdcm pcid sse4_1 sse4_2 popcnt tsc_deadline_timer xsave avx lahf_lm arat epb xsaveopt pln pts dtherm tpr_shadow vnmi flexpriority ept vpid
bogomips	: 6784.34
clflush size	: 64
cache_alignment	: 64
address sizes	: 36 bits physical, 48 bits virtual
power management:

processor	: 1
vendor_id	: GenuineIntel
cpu family	: 6
model		: 42
model name	: Intel(R) Core(TM) i3-2130 CPU @ 3.40GHz
stepping	: 7
microcode	: 0x28
cpu MHz		: 3400.000
cache size	: 3072 KB
physical id	: 0
siblings	: 4
core id		: 1
cpu cores	: 2
apicid		: 2
initial apicid	: 2
fpu		: yes
fpu_exception	: yes
cpuid level	: 13
wp		: yes
flags		: fpu vme de pse tsc msr pae mce cx8 apic sep mtrr pge mca cmov pat pse36 clflush dts acpi mmx fxsr sse sse2 ss ht tm pbe syscall nx rdtscp lm constant_tsc arch_perfmon pebs bts rep_good nopl xtopology nonstop_tsc aperfmperf eagerfpu pni pclmulqdq dtes64 monitor ds_cpl vmx est tm2 ssse3 cx16 xtpr pdcm pcid sse4_1 sse4_2 popcnt tsc_deadline_timer xsave avx lahf_lm arat epb xsaveopt pln pts dtherm tpr_shadow vnmi flexpriority ept vpid
bogomips	: 6784.34
clflush size	: 64
cache_alignment	: 64
address sizes	: 36 bits physical, 48 bits virtual
power management:

processor	: 2
vendor_id	: GenuineIntel
cpu family	: 6
model		: 42
model name	: Intel(R) Core(TM) i3-2130 CPU @ 3.40GHz
stepping	: 7
microcode	: 0x28
cpu MHz		: 2700.000
cache size	: 3072 KB
physical id	: 0
siblings	: 4
core id		: 0
cpu cores	: 2
apicid		: 1
initial apicid	: 1
fpu		: yes
fpu_exception	: yes
cpuid level	: 13
wp		: yes
flags		: fpu vme de pse tsc msr pae mce cx8 apic sep mtrr pge mca cmov pat pse36 clflush dts acpi mmx fxsr sse sse2 ss ht tm pbe syscall nx rdtscp lm constant_tsc arch_perfmon pebs bts rep_good nopl xtopology nonstop_tsc aperfmperf eagerfpu pni pclmulqdq dtes64 monitor ds_cpl vmx est tm2 ssse3 cx16 xtpr pdcm pcid sse4_1 sse4_2 popcnt tsc_deadline_timer xsave avx lahf_lm arat epb xsaveopt pln pts dtherm tpr_shadow vnmi flexpriority ept vpid
bogomips	: 6784.34
clflush size	: 64
cache_alignment	: 64
address sizes	: 36 bits physical, 48 bits virtual
power management:

processor	: 3
vendor_id	: GenuineIntel
cpu family	: 6
model		: 42
model name	: Intel(R) Core(TM) i3-2130 CPU @ 3.40GHz
stepping	: 7
microcode	: 0x28
cpu MHz		: 2300.000
cache size	: 3072 KB
physical id	: 0
siblings	: 4
core id		: 1
cpu cores	: 2
apicid		: 3
initial apicid	: 3
fpu		: yes
fpu_exception	: yes
cpuid level	: 13
wp		: yes
flags		: fpu vme de pse tsc msr pae mce cx8 apic sep mtrr pge mca cmov pat pse36 clflush dts acpi mmx fxsr sse sse2 ss ht tm pbe syscall nx rdtscp lm constant_tsc arch_perfmon pebs bts rep_good nopl xtopology nonstop_tsc aperfmperf eagerfpu pni pclmulqdq dtes64 monitor ds_cpl vmx est tm2 ssse3 cx16 xtpr pdcm pcid sse4_1 sse4_2 popcnt tsc_deadline_timer xsave avx lahf_lm arat epb xsaveopt pln pts dtherm tpr_shadow vnmi flexpriority ept vpid
bogomips	: 6784.34
clflush size	: 64
cache_alignment	: 64
address sizes	: 36 bits physical, 48 bits virtual
power management:



Memory: 4k page, physical 8051772k(192184k free), swap 4069372k(4042864k free)

vm_info: Java HotSpot(TM) 64-Bit Server VM (25.45-b02) for linux-amd64 JRE (1.8.0_45-b14), built on Apr 10 2015 10:07:45 by "java_re" with gcc 4.3.0 20080428 (Red Hat 4.3.0-8)

time: Wed May 13 14:46:06 2015
elapsed time: 1292 seconds (0d 0h 21m 32s)

